<?xml version="1.0" encoding="UTF-8"?>
<testsuite name="kr.or.nextit.springboot.ApplicationTests" tests="1" skipped="0" failures="0" errors="0" timestamp="2024-05-31T05:22:53" hostname="AN-2.local" time="0.407">
  <properties/>
  <testcase name="contextLoads()" classname="kr.or.nextit.springboot.ApplicationTests" time="0.407"/>
  <system-out><![CDATA[14:22:51.982 [Test worker] INFO org.springframework.test.context.support.AnnotationConfigContextLoaderUtils -- Could not detect default configuration classes for test class [kr.or.nextit.springboot.ApplicationTests]: ApplicationTests does not declare any static, non-private, non-final, nested classes annotated with @Configuration.
14:22:52.027 [Test worker] INFO org.springframework.boot.test.context.SpringBootTestContextBootstrapper -- Found @SpringBootConfiguration kr.or.nextit.springboot.Application for test class kr.or.nextit.springboot.ApplicationTests

  .   ____          _            __ _ _
 /\\ / ___'_ __ _ _(_)_ __  __ _ \ \ \ \
( ( )\___ | '_ | '_| | '_ \/ _` | \ \ \ \
 \\/  ___)| |_)| | | | | || (_| |  ) ) ) )
  '  |____| .__|_| |_|_| |_\__, | / / / /
 =========|_|==============|___/=/_/_/_/
 :: Spring Boot ::                (v3.2.6)

2024-05-31T14:22:52.205+09:00  INFO 77029 --- [SpringBoot] [    Test worker] k.or.nextit.springboot.ApplicationTests  : Starting ApplicationTests using Java 17.0.9 with PID 77029 (started by na in /Users/na/workspace/spring/SpringBoot)
2024-05-31T14:22:52.205+09:00 DEBUG 77029 --- [SpringBoot] [    Test worker] k.or.nextit.springboot.ApplicationTests  : Running with Spring Boot v3.2.6, Spring v6.1.8
2024-05-31T14:22:52.206+09:00  INFO 77029 --- [SpringBoot] [    Test worker] k.or.nextit.springboot.ApplicationTests  : No active profile set, falling back to 1 default profile: "default"
2024-05-31T14:22:52.940+09:00  INFO 77029 --- [SpringBoot] [    Test worker] o.s.b.a.w.s.WelcomePageHandlerMapping    : Adding welcome page template: index
2024-05-31T14:22:53.020+09:00  INFO 77029 --- [SpringBoot] [    Test worker] o.s.s.web.DefaultSecurityFilterChain     : Will secure any request with [org.springframework.security.web.session.DisableEncodeUrlFilter@5d3f99d7, org.springframework.security.web.context.request.async.WebAsyncManagerIntegrationFilter@561d88ee, org.springframework.security.web.context.SecurityContextHolderFilter@5a4c98d7, org.springframework.security.web.header.HeaderWriterFilter@12e5d3e1, org.springframework.web.filter.CorsFilter@2c34402, org.springframework.security.web.authentication.logout.LogoutFilter@360d41d0, org.springframework.security.web.authentication.UsernamePasswordAuthenticationFilter@46d1b59, org.springframework.security.web.savedrequest.RequestCacheAwareFilter@2026fbff, org.springframework.security.web.servletapi.SecurityContextHolderAwareRequestFilter@baa227e, org.springframework.security.web.authentication.AnonymousAuthenticationFilter@5f883d90, org.springframework.security.web.access.ExceptionTranslationFilter@2864f887, org.springframework.security.web.access.intercept.AuthorizationFilter@3e2d44f3]
2024-05-31T14:22:53.181+09:00  INFO 77029 --- [SpringBoot] [    Test worker] k.or.nextit.springboot.ApplicationTests  : Started ApplicationTests in 1.082 seconds (process running for 1.6)
]]></system-out>
  <system-err><![CDATA[]]></system-err>
</testsuite>
