<?xml version="1.0" encoding="UTF-8"?>
<testsuite name="kr.or.nextit.springboot.board.BoardControllerTest" tests="1" skipped="0" failures="1" errors="0" timestamp="2024-05-31T05:22:53" hostname="AN-2.local" time="0.052">
  <properties/>
  <testcase name="list()" classname="kr.or.nextit.springboot.board.BoardControllerTest" time="0.052">
    <failure message="java.lang.AssertionError: Status expected:&lt;200&gt; but was:&lt;401&gt;" type="java.lang.AssertionError">java.lang.AssertionError: Status expected:&lt;200&gt; but was:&lt;401&gt;
	at org.springframework.test.util.AssertionErrors.fail(AssertionErrors.java:59)
	at org.springframework.test.util.AssertionErrors.assertEquals(AssertionErrors.java:122)
	at org.springframework.test.web.servlet.result.StatusResultMatchers.lambda$matcher$9(StatusResultMatchers.java:637)
	at org.springframework.test.web.servlet.MockMvc$1.andExpect(MockMvc.java:214)
	at kr.or.nextit.springboot.board.BoardControllerTest.list(BoardControllerTest.java:41)
	at java.base/java.lang.reflect.Method.invoke(Method.java:568)
	at java.base/java.util.ArrayList.forEach(ArrayList.java:1511)
	at java.base/java.util.ArrayList.forEach(ArrayList.java:1511)
</failure>
  </testcase>
  <system-out><![CDATA[2024-05-31T14:22:53.599+09:00  INFO 77029 --- [SpringBoot] [    Test worker] t.c.s.AnnotationConfigContextLoaderUtils : Could not detect default configuration classes for test class [kr.or.nextit.springboot.board.BoardControllerTest]: BoardControllerTest does not declare any static, non-private, non-final, nested classes annotated with @Configuration.
2024-05-31T14:22:53.610+09:00  INFO 77029 --- [SpringBoot] [    Test worker] .b.t.c.SpringBootTestContextBootstrapper : Found @SpringBootConfiguration kr.or.nextit.springboot.Application for test class kr.or.nextit.springboot.board.BoardControllerTest

  .   ____          _            __ _ _
 /\\ / ___'_ __ _ _(_)_ __  __ _ \ \ \ \
( ( )\___ | '_ | '_| | '_ \/ _` | \ \ \ \
 \\/  ___)| |_)| | | | | || (_| |  ) ) ) )
  '  |____| .__|_| |_|_| |_\__, | / / / /
 =========|_|==============|___/=/_/_/_/
 :: Spring Boot ::                (v3.2.6)

2024-05-31T14:22:53.622+09:00  INFO 77029 --- [SpringBoot] [    Test worker] k.o.n.s.board.BoardControllerTest        : Starting BoardControllerTest using Java 17.0.9 with PID 77029 (started by na in /Users/na/workspace/spring/SpringBoot)
2024-05-31T14:22:53.623+09:00 DEBUG 77029 --- [SpringBoot] [    Test worker] k.o.n.s.board.BoardControllerTest        : Running with Spring Boot v3.2.6, Spring v6.1.8
2024-05-31T14:22:53.623+09:00  INFO 77029 --- [SpringBoot] [    Test worker] k.o.n.s.board.BoardControllerTest        : No active profile set, falling back to 1 default profile: "default"
2024-05-31T14:22:53.801+09:00  INFO 77029 --- [SpringBoot] [    Test worker] o.s.b.a.w.s.WelcomePageHandlerMapping    : Adding welcome page template: index
2024-05-31T14:22:53.864+09:00  WARN 77029 --- [SpringBoot] [    Test worker] .s.s.UserDetailsServiceAutoConfiguration : 

Using generated security password: 320aa25e-0c60-4301-8862-e4a09d630c2e

This generated password is for development use only. Your security configuration must be updated before running your application in production.

2024-05-31T14:22:53.877+09:00  INFO 77029 --- [SpringBoot] [    Test worker] o.s.s.web.DefaultSecurityFilterChain     : Will secure any request with [org.springframework.security.web.session.DisableEncodeUrlFilter@1642968c, org.springframework.security.web.context.request.async.WebAsyncManagerIntegrationFilter@3a7dcfb7, org.springframework.security.web.context.SecurityContextHolderFilter@1e466d, org.springframework.security.web.header.HeaderWriterFilter@dbcf7c3, org.springframework.web.filter.CorsFilter@50b4e7b2, org.springframework.security.web.csrf.CsrfFilter@7e43b342, org.springframework.security.web.authentication.logout.LogoutFilter@770cbe5d, org.springframework.security.web.authentication.UsernamePasswordAuthenticationFilter@c478e4e, org.springframework.security.web.authentication.ui.DefaultLoginPageGeneratingFilter@444c0f9a, org.springframework.security.web.authentication.ui.DefaultLogoutPageGeneratingFilter@50008974, org.springframework.security.web.authentication.www.BasicAuthenticationFilter@2634d000, org.springframework.security.web.savedrequest.RequestCacheAwareFilter@63243c8f, org.springframework.security.web.servletapi.SecurityContextHolderAwareRequestFilter@2ea4e762, org.springframework.security.web.authentication.AnonymousAuthenticationFilter@5274830e, org.springframework.security.web.access.ExceptionTranslationFilter@21dd9203, org.springframework.security.web.access.intercept.AuthorizationFilter@4d90d91f]
2024-05-31T14:22:53.911+09:00  INFO 77029 --- [SpringBoot] [    Test worker] o.s.b.t.m.w.SpringBootMockServletContext : Initializing Spring TestDispatcherServlet ''
2024-05-31T14:22:53.911+09:00  INFO 77029 --- [SpringBoot] [    Test worker] o.s.t.web.servlet.TestDispatcherServlet  : Initializing Servlet ''
2024-05-31T14:22:53.912+09:00  INFO 77029 --- [SpringBoot] [    Test worker] o.s.t.web.servlet.TestDispatcherServlet  : Completed initialization in 0 ms
2024-05-31T14:22:53.967+09:00  INFO 77029 --- [SpringBoot] [    Test worker] k.o.n.s.board.BoardControllerTest        : Started BoardControllerTest in 0.355 seconds (process running for 2.386)
2024-05-31T14:22:53.988+09:00  INFO 77029 --- [SpringBoot] [    Test worker] k.o.n.s.board.BoardControllerTest        : list: []

MockHttpServletRequest:
      HTTP Method = GET
      Request URI = /board/list
       Parameters = {}
          Headers = []
             Body = null
    Session Attrs = {SPRING_SECURITY_SAVED_REQUEST=DefaultSavedRequest [http://localhost/board/list?continue]}

Handler:
             Type = null

Async:
    Async started = false
     Async result = null

Resolved Exception:
             Type = null

ModelAndView:
        View name = null
             View = null
            Model = null

FlashMap:
       Attributes = null

MockHttpServletResponse:
           Status = 401
    Error message = Unauthorized
          Headers = [Vary:"Origin", "Access-Control-Request-Method", "Access-Control-Request-Headers", WWW-Authenticate:"Basic realm="Realm"", X-Content-Type-Options:"nosniff", X-XSS-Protection:"0", Cache-Control:"no-cache, no-store, max-age=0, must-revalidate", Pragma:"no-cache", Expires:"0", X-Frame-Options:"DENY"]
     Content type = null
             Body = 
    Forwarded URL = null
   Redirected URL = null
          Cookies = []

MockHttpServletRequest:
      HTTP Method = GET
      Request URI = /board/list
       Parameters = {}
          Headers = []
             Body = null
    Session Attrs = {SPRING_SECURITY_SAVED_REQUEST=DefaultSavedRequest [http://localhost/board/list?continue]}

Handler:
             Type = null

Async:
    Async started = false
     Async result = null

Resolved Exception:
             Type = null

ModelAndView:
        View name = null
             View = null
            Model = null

FlashMap:
       Attributes = null

MockHttpServletResponse:
           Status = 401
    Error message = Unauthorized
          Headers = [Vary:"Origin", "Access-Control-Request-Method", "Access-Control-Request-Headers", WWW-Authenticate:"Basic realm="Realm"", X-Content-Type-Options:"nosniff", X-XSS-Protection:"0", Cache-Control:"no-cache, no-store, max-age=0, must-revalidate", Pragma:"no-cache", Expires:"0", X-Frame-Options:"DENY"]
     Content type = null
             Body = 
    Forwarded URL = null
   Redirected URL = null
          Cookies = []
]]></system-out>
  <system-err><![CDATA[]]></system-err>
</testsuite>
